<?xml version="1.0" encoding="UTF-8"?>
<!-- Generated by org.testng.reporters.JUnitReportReporter -->
<testsuite hostname="DESKTOP-HTOKS4N" failures="0" tests="1" name="com.BikeRentalManagement.Dashboard.DashboardTest" time="1.439" errors="0" timestamp="2025-03-23T20:07:36 IST" skipped="0">
  <testcase classname="com.BikeRentalManagement.Dashboard.DashboardTest" name="verifyNavigationToDashboard" time="1.439"/>
  <system-out/>
</testsuite> <!-- com.BikeRentalManagement.Dashboard.DashboardTest -->
