<?xml version="1.0" encoding="UTF-8"?>
<!-- Generated by org.testng.reporters.JUnitReportReporter -->
<testsuite hostname="DESKTOP-HTOKS4N" failures="0" tests="1" name="com.BikeRentalManagement.AdminLogin.AdminLoginTest" time="6.374" errors="0" timestamp="2025-04-02T15:08:49 IST" skipped="0">
  <testcase classname="com.BikeRentalManagement.AdminLogin.AdminLoginTest" name="adminLoginTest" time="6.374"/>
  <system-out/>
</testsuite> <!-- com.BikeRentalManagement.AdminLogin.AdminLoginTest -->
