<?xml version="1.0" encoding="UTF-8"?>
<!-- Generated by org.testng.reporters.JUnitReportReporter -->
<testsuite hostname="LAPTOP-9NDSKU1M" failures="0" tests="1" name="com.BikeRentalManagement.AdminLogin.AdminLoginTest" time="1.979" errors="0" timestamp="2025-08-02T06:44:15 IST" skipped="0">
  <testcase classname="com.BikeRentalManagement.AdminLogin.AdminLoginTest" name="adminLoginTest" time="1.979"/>
</testsuite> <!-- com.BikeRentalManagement.AdminLogin.AdminLoginTest -->
